# JRE version: Java(TM) SE Runtime Environment (24.0.1+9) (build 24.0.1+9-30)
# Java VM: Java HotSpot(TM) 64-Bit Server VM (24.0.1+9-30, mixed mode, sharing, tiered, compressed oops, compressed class ptrs, g1 gc, windows-amd64)
GC Precious Log:
 CardTable entry size: 512
 Card Set container configuration: InlinePtr #cards 4 size 8 Array Of Cards #cards 16 size 48 Howl #buckets 8 coarsen threshold 3686 Howl Bitmap #cards 512 size 80 coarsen threshold 460 Card regions per heap region 1 cards per card region 4096
 CPUs: 16 total, 16 available
 Memory: 16085M
 Large Page Support: Disabled
 NUMA Support: Disabled
 Compressed Oops: Enabled (Zero based)
 Heap Region Size: 2M
 Heap Min Capacity: 8M
 Heap Initial Capacity: 252M
 Heap Max Capacity: 4022M
 Pre-touch: Disabled
 Parallel Workers: 13
 Concurrent Workers: 3
 Concurrent Refinement Workers: 13
 Periodic GC: Disabled
Heap:
 garbage-first heap   total reserved 4118528K, committed 77824K, used 40258K [0x0000000704a00000, 0x0000000800000000)
  region size 2048K, 4 young (8192K), 1 survivors (2048K)
 Metaspace       used 88902K, committed 89600K, reserved 1179648K
  class space    used 9532K, committed 9856K, reserved 1048576K
GC Heap History (20 events):
Event: 1008.073 GC heap before
{Heap before GC invocations=20 (full 0):
 garbage-first heap   total reserved 4118528K, committed 77824K, used 67352K [0x0000000704a00000, 0x0000000800000000)
  region size 2048K, 16 young (32768K), 1 survivors (2048K)
 Metaspace       used 88619K, committed 89344K, reserved 1179648K
  class space    used 9525K, committed 9856K, reserved 1048576K
}
Event: 1008.075 GC heap after
{Heap after GC invocations=21 (full 0):
 garbage-first heap   total reserved 4118528K, committed 77824K, used 36591K [0x0000000704a00000, 0x0000000800000000)
  region size 2048K, 1 young (2048K), 1 survivors (2048K)
 Metaspace       used 88619K, committed 89344K, reserved 1179648K
  class space    used 9525K, committed 9856K, reserved 1048576K
}
Event: 1132.476 GC heap before
{Heap before GC invocations=21 (full 0):
 garbage-first heap   total reserved 4118528K, committed 77824K, used 67311K [0x0000000704a00000, 0x0000000800000000)
  region size 2048K, 16 young (32768K), 1 survivors (2048K)
 Metaspace       used 88657K, committed 89344K, reserved 1179648K
  class space    used 9525K, committed 9856K, reserved 1048576K
}
Event: 1132.478 GC heap after
{Heap after GC invocations=22 (full 0):
 garbage-first heap   total reserved 4118528K, committed 77824K, used 36187K [0x0000000704a00000, 0x0000000800000000)
  region size 2048K, 1 young (2048K), 1 survivors (2048K)
 Metaspace       used 88657K, committed 89344K, reserved 1179648K
  class space    used 9525K, committed 9856K, reserved 1048576K
}
Event: 1150.040 GC heap before
{Heap before GC invocations=22 (full 0):
 garbage-first heap   total reserved 4118528K, committed 77824K, used 66907K [0x0000000704a00000, 0x0000000800000000)
  region size 2048K, 16 young (32768K), 1 survivors (2048K)
 Metaspace       used 88686K, committed 89344K, reserved 1179648K
  class space    used 9525K, committed 9856K, reserved 1048576K
}
Event: 1150.042 GC heap after
{Heap after GC invocations=23 (full 0):
 garbage-first heap   total reserved 4118528K, committed 77824K, used 36219K [0x0000000704a00000, 0x0000000800000000)
  region size 2048K, 1 young (2048K), 1 survivors (2048K)
 Metaspace       used 88686K, committed 89344K, reserved 1179648K
  class space    used 9525K, committed 9856K, reserved 1048576K
}
Event: 1363.249 GC heap before
{Heap before GC invocations=24 (full 0):
 garbage-first heap   total reserved 4118528K, committed 77824K, used 64891K [0x0000000704a00000, 0x0000000800000000)
  region size 2048K, 16 young (32768K), 1 survivors (2048K)
 Metaspace       used 88690K, committed 89344K, reserved 1179648K
  class space    used 9525K, committed 9856K, reserved 1048576K
}
Event: 1363.255 GC heap after
{Heap after GC invocations=25 (full 0):
 garbage-first heap   total reserved 4118528K, committed 77824K, used 36180K [0x0000000704a00000, 0x0000000800000000)
  region size 2048K, 1 young (2048K), 1 survivors (2048K)
 Metaspace       used 88690K, committed 89344K, reserved 1179648K
  class space    used 9525K, committed 9856K, reserved 1048576K
}
Event: 1572.410 GC heap before
{Heap before GC invocations=25 (full 0):
 garbage-first heap   total reserved 4118528K, committed 77824K, used 66900K [0x0000000704a00000, 0x0000000800000000)
  region size 2048K, 16 young (32768K), 1 survivors (2048K)
 Metaspace       used 88769K, committed 89472K, reserved 1179648K
  class space    used 9530K, committed 9856K, reserved 1048576K
}
Event: 1572.413 GC heap after
{Heap after GC invocations=26 (full 0):
 garbage-first heap   total reserved 4118528K, committed 77824K, used 36148K [0x0000000704a00000, 0x0000000800000000)
  region size 2048K, 1 young (2048K), 1 survivors (2048K)
 Metaspace       used 88769K, committed 89472K, reserved 1179648K
  class space    used 9530K, committed 9856K, reserved 1048576K
}
Event: 1612.422 GC heap before
{Heap before GC invocations=26 (full 0):
 garbage-first heap   total reserved 4118528K, committed 77824K, used 66868K [0x0000000704a00000, 0x0000000800000000)
  region size 2048K, 16 young (32768K), 1 survivors (2048K)
 Metaspace       used 88775K, committed 89472K, reserved 1179648K
  class space    used 9530K, committed 9856K, reserved 1048576K
}
Event: 1612.424 GC heap after
{Heap after GC invocations=27 (full 0):
 garbage-first heap   total reserved 4118528K, committed 77824K, used 36238K [0x0000000704a00000, 0x0000000800000000)
  region size 2048K, 1 young (2048K), 1 survivors (2048K)
 Metaspace       used 88775K, committed 89472K, reserved 1179648K
  class space    used 9530K, committed 9856K, reserved 1048576K
}
Event: 1782.739 GC heap before
{Heap before GC invocations=28 (full 0):
 garbage-first heap   total reserved 4118528K, committed 77824K, used 66958K [0x0000000704a00000, 0x0000000800000000)
  region size 2048K, 16 young (32768K), 1 survivors (2048K)
 Metaspace       used 88812K, committed 89536K, reserved 1179648K
  class space    used 9532K, committed 9856K, reserved 1048576K
}
Event: 1782.740 GC heap after
{Heap after GC invocations=29 (full 0):
 garbage-first heap   total reserved 4118528K, committed 77824K, used 36562K [0x0000000704a00000, 0x0000000800000000)
  region size 2048K, 1 young (2048K), 1 survivors (2048K)
 Metaspace       used 88812K, committed 89536K, reserved 1179648K
  class space    used 9532K, committed 9856K, reserved 1048576K
}
Event: 1962.943 GC heap before
{Heap before GC invocations=29 (full 0):
 garbage-first heap   total reserved 4118528K, committed 77824K, used 67282K [0x0000000704a00000, 0x0000000800000000)
  region size 2048K, 16 young (32768K), 1 survivors (2048K)
 Metaspace       used 88812K, committed 89536K, reserved 1179648K
  class space    used 9532K, committed 9856K, reserved 1048576K
}
Event: 1962.945 GC heap after
{Heap after GC invocations=30 (full 0):
 garbage-first heap   total reserved 4118528K, committed 77824K, used 36214K [0x0000000704a00000, 0x0000000800000000)
  region size 2048K, 1 young (2048K), 1 survivors (2048K)
 Metaspace       used 88812K, committed 89536K, reserved 1179648K
  class space    used 9532K, committed 9856K, reserved 1048576K
}
Event: 2109.489 GC heap before
{Heap before GC invocations=30 (full 0):
 garbage-first heap   total reserved 4118528K, committed 77824K, used 68982K [0x0000000704a00000, 0x0000000800000000)
  region size 2048K, 17 young (34816K), 1 survivors (2048K)
 Metaspace       used 88823K, committed 89536K, reserved 1179648K
  class space    used 9532K, committed 9856K, reserved 1048576K
}
Event: 2109.491 GC heap after
{Heap after GC invocations=31 (full 0):
 garbage-first heap   total reserved 4118528K, committed 77824K, used 36141K [0x0000000704a00000, 0x0000000800000000)
  region size 2048K, 1 young (2048K), 1 survivors (2048K)
 Metaspace       used 88823K, committed 89536K, reserved 1179648K
  class space    used 9532K, committed 9856K, reserved 1048576K
}
Event: 2836.768 GC heap before
{Heap before GC invocations=32 (full 0):
 garbage-first heap   total reserved 4118528K, committed 77824K, used 68909K [0x0000000704a00000, 0x0000000800000000)
  region size 2048K, 17 young (34816K), 1 survivors (2048K)
 Metaspace       used 88900K, committed 89600K, reserved 1179648K
  class space    used 9532K, committed 9856K, reserved 1048576K
}
Event: 2836.770 GC heap after
{Heap after GC invocations=33 (full 0):
 garbage-first heap   total reserved 4118528K, committed 77824K, used 36162K [0x0000000704a00000, 0x0000000800000000)
  region size 2048K, 1 young (2048K), 1 survivors (2048K)
 Metaspace       used 88900K, committed 89600K, reserved 1179648K
  class space    used 9532K, committed 9856K, reserved 1048576K
}

