# JRE version: Java(TM) SE Runtime Environment (24.0.1+9) (build 24.0.1+9-30)
# Java VM: Java HotSpot(TM) 64-Bit Server VM (24.0.1+9-30, mixed mode, sharing, tiered, compressed oops, compressed class ptrs, g1 gc, windows-amd64)
GC Precious Log:
 CardTable entry size: 512
 Card Set container configuration: InlinePtr #cards 4 size 8 Array Of Cards #cards 16 size 48 Howl #buckets 8 coarsen threshold 3686 Howl Bitmap #cards 512 size 80 coarsen threshold 460 Card regions per heap region 1 cards per card region 4096
 CPUs: 16 total, 16 available
 Memory: 16085M
 Large Page Support: Disabled
 NUMA Support: Disabled
 Compressed Oops: Enabled (Zero based)
 Heap Region Size: 2M
 Heap Min Capacity: 8M
 Heap Initial Capacity: 252M
 Heap Max Capacity: 4022M
 Pre-touch: Disabled
 Parallel Workers: 13
 Concurrent Workers: 3
 Concurrent Refinement Workers: 13
 Periodic GC: Disabled
Heap:
 garbage-first heap   total reserved 4118528K, committed 77824K, used 43415K [0x0000000704a00000, 0x0000000800000000)
  region size 2048K, 5 young (10240K), 1 survivors (2048K)
 Metaspace       used 88311K, committed 89024K, reserved 1179648K
  class space    used 9536K, committed 9856K, reserved 1048576K
GC Heap History (20 events):
Event: 4.094 GC heap before
{Heap before GC invocations=8 (full 0):
 garbage-first heap   total reserved 4118528K, committed 77824K, used 56699K [0x0000000704a00000, 0x0000000800000000)
  region size 2048K, 19 young (38912K), 3 survivors (6144K)
 Metaspace       used 55987K, committed 56384K, reserved 1114112K
  class space    used 5765K, committed 5952K, reserved 1048576K
}
Event: 4.097 GC heap after
{Heap after GC invocations=9 (full 0):
 garbage-first heap   total reserved 4118528K, committed 77824K, used 27394K [0x0000000704a00000, 0x0000000800000000)
  region size 2048K, 3 young (6144K), 3 survivors (6144K)
 Metaspace       used 55987K, committed 56384K, reserved 1114112K
  class space    used 5765K, committed 5952K, reserved 1048576K
}
Event: 4.290 GC heap before
{Heap before GC invocations=9 (full 0):
 garbage-first heap   total reserved 4118528K, committed 77824K, used 33538K [0x0000000704a00000, 0x0000000800000000)
  region size 2048K, 8 young (16384K), 3 survivors (6144K)
 Metaspace       used 59874K, committed 60288K, reserved 1114112K
  class space    used 6030K, committed 6208K, reserved 1048576K
}
Event: 4.294 GC heap after
{Heap after GC invocations=10 (full 0):
 garbage-first heap   total reserved 4118528K, committed 77824K, used 28400K [0x0000000704a00000, 0x0000000800000000)
  region size 2048K, 2 young (4096K), 2 survivors (4096K)
 Metaspace       used 59874K, committed 60288K, reserved 1114112K
  class space    used 6030K, committed 6208K, reserved 1048576K
}
Event: 4.956 GC heap before
{Heap before GC invocations=11 (full 0):
 garbage-first heap   total reserved 4118528K, committed 77824K, used 63216K [0x0000000704a00000, 0x0000000800000000)
  region size 2048K, 19 young (38912K), 2 survivors (4096K)
 Metaspace       used 67949K, committed 68416K, reserved 1114112K
  class space    used 7140K, committed 7360K, reserved 1048576K
}
Event: 4.959 GC heap after
{Heap after GC invocations=12 (full 0):
 garbage-first heap   total reserved 4118528K, committed 77824K, used 29725K [0x0000000704a00000, 0x0000000800000000)
  region size 2048K, 2 young (4096K), 2 survivors (4096K)
 Metaspace       used 67949K, committed 68416K, reserved 1114112K
  class space    used 7140K, committed 7360K, reserved 1048576K
}
Event: 5.724 GC heap before
{Heap before GC invocations=12 (full 0):
 garbage-first heap   total reserved 4118528K, committed 77824K, used 66589K [0x0000000704a00000, 0x0000000800000000)
  region size 2048K, 20 young (40960K), 2 survivors (4096K)
 Metaspace       used 72705K, committed 73280K, reserved 1179648K
  class space    used 7658K, committed 7936K, reserved 1048576K
}
Event: 5.730 GC heap after
{Heap after GC invocations=13 (full 0):
 garbage-first heap   total reserved 4118528K, committed 77824K, used 32244K [0x0000000704a00000, 0x0000000800000000)
  region size 2048K, 3 young (6144K), 3 survivors (6144K)
 Metaspace       used 72705K, committed 73280K, reserved 1179648K
  class space    used 7658K, committed 7936K, reserved 1048576K
}
Event: 9.339 GC heap before
{Heap before GC invocations=13 (full 0):
 garbage-first heap   total reserved 4118528K, committed 77824K, used 60916K [0x0000000704a00000, 0x0000000800000000)
  region size 2048K, 18 young (36864K), 3 survivors (6144K)
 Metaspace       used 78044K, committed 78592K, reserved 1179648K
  class space    used 8297K, committed 8512K, reserved 1048576K
}
Event: 9.345 GC heap after
{Heap after GC invocations=14 (full 0):
 garbage-first heap   total reserved 4118528K, committed 77824K, used 34436K [0x0000000704a00000, 0x0000000800000000)
  region size 2048K, 2 young (4096K), 2 survivors (4096K)
 Metaspace       used 78044K, committed 78592K, reserved 1179648K
  class space    used 8297K, committed 8512K, reserved 1048576K
}
Event: 9.652 GC heap before
{Heap before GC invocations=14 (full 0):
 garbage-first heap   total reserved 4118528K, committed 77824K, used 63108K [0x0000000704a00000, 0x0000000800000000)
  region size 2048K, 17 young (34816K), 2 survivors (4096K)
 Metaspace       used 84517K, committed 85184K, reserved 1179648K
  class space    used 9408K, committed 9664K, reserved 1048576K
}
Event: 9.655 GC heap after
{Heap after GC invocations=15 (full 0):
 garbage-first heap   total reserved 4118528K, committed 77824K, used 36422K [0x0000000704a00000, 0x0000000800000000)
  region size 2048K, 3 young (6144K), 3 survivors (6144K)
 Metaspace       used 84517K, committed 85184K, reserved 1179648K
  class space    used 9408K, committed 9664K, reserved 1048576K
}
Event: 79.581 GC heap before
{Heap before GC invocations=16 (full 0):
 garbage-first heap   total reserved 4118528K, committed 77824K, used 63046K [0x0000000704a00000, 0x0000000800000000)
  region size 2048K, 16 young (32768K), 3 survivors (6144K)
 Metaspace       used 86411K, committed 87104K, reserved 1179648K
  class space    used 9509K, committed 9792K, reserved 1048576K
}
Event: 79.584 GC heap after
{Heap after GC invocations=17 (full 0):
 garbage-first heap   total reserved 4118528K, committed 77824K, used 37107K [0x0000000704a00000, 0x0000000800000000)
  region size 2048K, 2 young (4096K), 2 survivors (4096K)
 Metaspace       used 86411K, committed 87104K, reserved 1179648K
  class space    used 9509K, committed 9792K, reserved 1048576K
}
Event: 1802.258 GC heap before
{Heap before GC invocations=17 (full 0):
 garbage-first heap   total reserved 4118528K, committed 77824K, used 65779K [0x0000000704a00000, 0x0000000800000000)
  region size 2048K, 16 young (32768K), 2 survivors (4096K)
 Metaspace       used 87035K, committed 87808K, reserved 1179648K
  class space    used 9529K, committed 9856K, reserved 1048576K
}
Event: 1802.265 GC heap after
{Heap after GC invocations=18 (full 0):
 garbage-first heap   total reserved 4118528K, committed 77824K, used 37244K [0x0000000704a00000, 0x0000000800000000)
  region size 2048K, 1 young (2048K), 1 survivors (2048K)
 Metaspace       used 87035K, committed 87808K, reserved 1179648K
  class space    used 9529K, committed 9856K, reserved 1048576K
}
Event: 2214.072 GC heap before
{Heap before GC invocations=18 (full 0):
 garbage-first heap   total reserved 4118528K, committed 77824K, used 65916K [0x0000000704a00000, 0x0000000800000000)
  region size 2048K, 16 young (32768K), 1 survivors (2048K)
 Metaspace       used 87544K, committed 88256K, reserved 1179648K
  class space    used 9540K, committed 9856K, reserved 1048576K
}
Event: 2214.081 GC heap after
{Heap after GC invocations=19 (full 0):
 garbage-first heap   total reserved 4118528K, committed 77824K, used 37195K [0x0000000704a00000, 0x0000000800000000)
  region size 2048K, 1 young (2048K), 1 survivors (2048K)
 Metaspace       used 87544K, committed 88256K, reserved 1179648K
  class space    used 9540K, committed 9856K, reserved 1048576K
}
Event: 2506.858 GC heap before
{Heap before GC invocations=20 (full 0):
 garbage-first heap   total reserved 4118528K, committed 77824K, used 67915K [0x0000000704a00000, 0x0000000800000000)
  region size 2048K, 16 young (32768K), 1 survivors (2048K)
 Metaspace       used 88256K, committed 88960K, reserved 1179648K
  class space    used 9535K, committed 9856K, reserved 1048576K
}
Event: 2506.860 GC heap after
{Heap after GC invocations=21 (full 0):
 garbage-first heap   total reserved 4118528K, committed 77824K, used 37271K [0x0000000704a00000, 0x0000000800000000)
  region size 2048K, 1 young (2048K), 1 survivors (2048K)
 Metaspace       used 88256K, committed 88960K, reserved 1179648K
  class space    used 9535K, committed 9856K, reserved 1048576K
}

