# JRE version: Java(TM) SE Runtime Environment (24.0.1+9) (build 24.0.1+9-30)
# Java VM: Java HotSpot(TM) 64-Bit Server VM (24.0.1+9-30, mixed mode, sharing, tiered, compressed oops, compressed class ptrs, g1 gc, windows-amd64)
GC Precious Log:
 CardTable entry size: 512
 Card Set container configuration: InlinePtr #cards 4 size 8 Array Of Cards #cards 16 size 48 Howl #buckets 8 coarsen threshold 3686 Howl Bitmap #cards 512 size 80 coarsen threshold 460 Card regions per heap region 1 cards per card region 4096
 CPUs: 16 total, 16 available
 Memory: 16085M
 Large Page Support: Disabled
 NUMA Support: Disabled
 Compressed Oops: Enabled (Zero based)
 Heap Region Size: 2M
 Heap Min Capacity: 8M
 Heap Initial Capacity: 252M
 Heap Max Capacity: 4022M
 Pre-touch: Disabled
 Parallel Workers: 13
 Concurrent Workers: 3
 Concurrent Refinement Workers: 13
 Periodic GC: Disabled
Heap:
 garbage-first heap   total reserved 4118528K, committed 86016K, used 40823K [0x0000000704a00000, 0x0000000800000000)
  region size 2048K, 4 young (8192K), 1 survivors (2048K)
 Metaspace       used 88110K, committed 88832K, reserved 1179648K
  class space    used 9487K, committed 9792K, reserved 1048576K
GC Heap History (20 events):
Event: 2.413 GC heap before
{Heap before GC invocations=5 (full 0):
 garbage-first heap   total reserved 4118528K, committed 86016K, used 23392K [0x0000000704a00000, 0x0000000800000000)
  region size 2048K, 3 young (6144K), 2 survivors (4096K)
 Metaspace       used 35873K, committed 36288K, reserved 1114112K
  class space    used 3625K, committed 3840K, reserved 1048576K
}
Event: 2.415 GC heap after
{Heap after GC invocations=6 (full 0):
 garbage-first heap   total reserved 4118528K, committed 86016K, used 24039K [0x0000000704a00000, 0x0000000800000000)
  region size 2048K, 1 young (2048K), 1 survivors (2048K)
 Metaspace       used 35873K, committed 36288K, reserved 1114112K
  class space    used 3625K, committed 3840K, reserved 1048576K
}
Event: 3.153 GC heap before
{Heap before GC invocations=7 (full 0):
 garbage-first heap   total reserved 4118528K, committed 86016K, used 64999K [0x0000000704a00000, 0x0000000800000000)
  region size 2048K, 21 young (43008K), 1 survivors (2048K)
 Metaspace       used 47940K, committed 48384K, reserved 1114112K
  class space    used 4989K, committed 5184K, reserved 1048576K
}
Event: 3.156 GC heap after
{Heap after GC invocations=8 (full 0):
 garbage-first heap   total reserved 4118528K, committed 86016K, used 26656K [0x0000000704a00000, 0x0000000800000000)
  region size 2048K, 2 young (4096K), 2 survivors (4096K)
 Metaspace       used 47940K, committed 48384K, reserved 1114112K
  class space    used 4989K, committed 5184K, reserved 1048576K
}
Event: 4.065 GC heap before
{Heap before GC invocations=8 (full 0):
 garbage-first heap   total reserved 4118528K, committed 86016K, used 65568K [0x0000000704a00000, 0x0000000800000000)
  region size 2048K, 22 young (45056K), 2 survivors (4096K)
 Metaspace       used 60728K, committed 61120K, reserved 1114112K
  class space    used 6294K, committed 6464K, reserved 1048576K
}
Event: 4.070 GC heap after
{Heap after GC invocations=9 (full 0):
 garbage-first heap   total reserved 4118528K, committed 86016K, used 28556K [0x0000000704a00000, 0x0000000800000000)
  region size 2048K, 1 young (2048K), 1 survivors (2048K)
 Metaspace       used 60728K, committed 61120K, reserved 1114112K
  class space    used 6294K, committed 6464K, reserved 1048576K
}
Event: 4.084 GC heap before
{Heap before GC invocations=9 (full 0):
 garbage-first heap   total reserved 4118528K, committed 86016K, used 28556K [0x0000000704a00000, 0x0000000800000000)
  region size 2048K, 2 young (4096K), 1 survivors (2048K)
 Metaspace       used 60948K, committed 61440K, reserved 1114112K
  class space    used 6310K, committed 6528K, reserved 1048576K
}
Event: 4.086 GC heap after
{Heap after GC invocations=10 (full 0):
 garbage-first heap   total reserved 4118528K, committed 86016K, used 28657K [0x0000000704a00000, 0x0000000800000000)
  region size 2048K, 2 young (4096K), 2 survivors (4096K)
 Metaspace       used 60948K, committed 61440K, reserved 1114112K
  class space    used 6310K, committed 6528K, reserved 1048576K
}
Event: 4.919 GC heap before
{Heap before GC invocations=11 (full 0):
 garbage-first heap   total reserved 4118528K, committed 86016K, used 69617K [0x0000000704a00000, 0x0000000800000000)
  region size 2048K, 22 young (45056K), 2 survivors (4096K)
 Metaspace       used 68774K, committed 69312K, reserved 1114112K
  class space    used 7265K, committed 7488K, reserved 1048576K
}
Event: 4.922 GC heap after
{Heap after GC invocations=12 (full 0):
 garbage-first heap   total reserved 4118528K, committed 86016K, used 30786K [0x0000000704a00000, 0x0000000800000000)
  region size 2048K, 3 young (6144K), 3 survivors (6144K)
 Metaspace       used 68774K, committed 69312K, reserved 1114112K
  class space    used 7265K, committed 7488K, reserved 1048576K
}
Event: 5.686 GC heap before
{Heap before GC invocations=12 (full 0):
 garbage-first heap   total reserved 4118528K, committed 86016K, used 71746K [0x0000000704a00000, 0x0000000800000000)
  region size 2048K, 23 young (47104K), 3 survivors (6144K)
 Metaspace       used 74016K, committed 74624K, reserved 1179648K
  class space    used 7823K, committed 8128K, reserved 1048576K
}
Event: 5.691 GC heap after
{Heap after GC invocations=13 (full 0):
 garbage-first heap   total reserved 4118528K, committed 86016K, used 33767K [0x0000000704a00000, 0x0000000800000000)
  region size 2048K, 3 young (6144K), 3 survivors (6144K)
 Metaspace       used 74016K, committed 74624K, reserved 1179648K
  class space    used 7823K, committed 8128K, reserved 1048576K
}
Event: 6.289 GC heap before
{Heap before GC invocations=13 (full 0):
 garbage-first heap   total reserved 4118528K, committed 86016K, used 70631K [0x0000000704a00000, 0x0000000800000000)
  region size 2048K, 22 young (45056K), 3 survivors (6144K)
 Metaspace       used 83788K, committed 84352K, reserved 1179648K
  class space    used 9289K, committed 9536K, reserved 1048576K
}
Event: 6.295 GC heap after
{Heap after GC invocations=14 (full 0):
 garbage-first heap   total reserved 4118528K, committed 86016K, used 36862K [0x0000000704a00000, 0x0000000800000000)
  region size 2048K, 2 young (4096K), 2 survivors (4096K)
 Metaspace       used 83788K, committed 84352K, reserved 1179648K
  class space    used 9289K, committed 9536K, reserved 1048576K
}
Event: 6.543 GC heap before
{Heap before GC invocations=14 (full 0):
 garbage-first heap   total reserved 4118528K, committed 86016K, used 71678K [0x0000000704a00000, 0x0000000800000000)
  region size 2048K, 20 young (40960K), 2 survivors (4096K)
 Metaspace       used 85170K, committed 85760K, reserved 1179648K
  class space    used 9428K, committed 9664K, reserved 1048576K
}
Event: 6.546 GC heap after
{Heap after GC invocations=15 (full 0):
 garbage-first heap   total reserved 4118528K, committed 86016K, used 37554K [0x0000000704a00000, 0x0000000800000000)
  region size 2048K, 1 young (2048K), 1 survivors (2048K)
 Metaspace       used 85170K, committed 85760K, reserved 1179648K
  class space    used 9428K, committed 9664K, reserved 1048576K
}
Event: 231.158 GC heap before
{Heap before GC invocations=16 (full 0):
 garbage-first heap   total reserved 4118528K, committed 86016K, used 74418K [0x0000000704a00000, 0x0000000800000000)
  region size 2048K, 19 young (38912K), 1 survivors (2048K)
 Metaspace       used 86890K, committed 87616K, reserved 1179648K
  class space    used 9483K, committed 9792K, reserved 1048576K
}
Event: 231.159 GC heap after
{Heap after GC invocations=17 (full 0):
 garbage-first heap   total reserved 4118528K, committed 86016K, used 37516K [0x0000000704a00000, 0x0000000800000000)
  region size 2048K, 1 young (2048K), 1 survivors (2048K)
 Metaspace       used 86890K, committed 87616K, reserved 1179648K
  class space    used 9483K, committed 9792K, reserved 1048576K
}
Event: 395.942 GC heap before
{Heap before GC invocations=17 (full 0):
 garbage-first heap   total reserved 4118528K, committed 86016K, used 76428K [0x0000000704a00000, 0x0000000800000000)
  region size 2048K, 20 young (40960K), 1 survivors (2048K)
 Metaspace       used 88024K, committed 88768K, reserved 1179648K
  class space    used 9487K, committed 9792K, reserved 1048576K
}
Event: 395.945 GC heap after
{Heap after GC invocations=18 (full 0):
 garbage-first heap   total reserved 4118528K, committed 86016K, used 36727K [0x0000000704a00000, 0x0000000800000000)
  region size 2048K, 1 young (2048K), 1 survivors (2048K)
 Metaspace       used 88024K, committed 88768K, reserved 1179648K
  class space    used 9487K, committed 9792K, reserved 1048576K
}

