# JRE version: Java(TM) SE Runtime Environment (24.0.1+9) (build 24.0.1+9-30)
# Java VM: Java HotSpot(TM) 64-Bit Server VM (24.0.1+9-30, mixed mode, sharing, tiered, compressed oops, compressed class ptrs, g1 gc, windows-amd64)
GC Precious Log:
 CardTable entry size: 512
 Card Set container configuration: InlinePtr #cards 4 size 8 Array Of Cards #cards 16 size 48 Howl #buckets 8 coarsen threshold 3686 Howl Bitmap #cards 512 size 80 coarsen threshold 460 Card regions per heap region 1 cards per card region 4096
 CPUs: 16 total, 16 available
 Memory: 16085M
 Large Page Support: Disabled
 NUMA Support: Disabled
 Compressed Oops: Enabled (Zero based)
 Heap Region Size: 2M
 Heap Min Capacity: 8M
 Heap Initial Capacity: 252M
 Heap Max Capacity: 4022M
 Pre-touch: Disabled
 Parallel Workers: 13
 Concurrent Workers: 3
 Concurrent Refinement Workers: 13
 Periodic GC: Disabled
Heap:
 garbage-first heap   total reserved 4118528K, committed 77824K, used 55372K [0x0000000704a00000, 0x0000000800000000)
  region size 2048K, 11 young (22528K), 1 survivors (2048K)
 Metaspace       used 88537K, committed 89280K, reserved 1179648K
  class space    used 9546K, committed 9856K, reserved 1048576K
GC Heap History (20 events):
Event: 6.049 GC heap before
{Heap before GC invocations=8 (full 0):
 garbage-first heap   total reserved 4118528K, committed 77824K, used 60472K [0x0000000704a00000, 0x0000000800000000)
  region size 2048K, 20 young (40960K), 3 survivors (6144K)
 Metaspace       used 55996K, committed 56448K, reserved 1114112K
  class space    used 5761K, committed 5952K, reserved 1048576K
}
Event: 6.052 GC heap after
{Heap after GC invocations=9 (full 0):
 garbage-first heap   total reserved 4118528K, committed 77824K, used 27539K [0x0000000704a00000, 0x0000000800000000)
  region size 2048K, 3 young (6144K), 3 survivors (6144K)
 Metaspace       used 55996K, committed 56448K, reserved 1114112K
  class space    used 5761K, committed 5952K, reserved 1048576K
}
Event: 6.265 GC heap before
{Heap before GC invocations=9 (full 0):
 garbage-first heap   total reserved 4118528K, committed 77824K, used 37779K [0x0000000704a00000, 0x0000000800000000)
  region size 2048K, 9 young (18432K), 3 survivors (6144K)
 Metaspace       used 60607K, committed 61056K, reserved 1114112K
  class space    used 6262K, committed 6464K, reserved 1048576K
}
Event: 6.268 GC heap after
{Heap after GC invocations=10 (full 0):
 garbage-first heap   total reserved 4118528K, committed 77824K, used 28025K [0x0000000704a00000, 0x0000000800000000)
  region size 2048K, 2 young (4096K), 2 survivors (4096K)
 Metaspace       used 60607K, committed 61056K, reserved 1114112K
  class space    used 6262K, committed 6464K, reserved 1048576K
}
Event: 6.778 GC heap before
{Heap before GC invocations=11 (full 0):
 garbage-first heap   total reserved 4118528K, committed 77824K, used 62841K [0x0000000704a00000, 0x0000000800000000)
  region size 2048K, 19 young (38912K), 2 survivors (4096K)
 Metaspace       used 67995K, committed 68480K, reserved 1114112K
  class space    used 7163K, committed 7360K, reserved 1048576K
}
Event: 6.781 GC heap after
{Heap after GC invocations=12 (full 0):
 garbage-first heap   total reserved 4118528K, committed 77824K, used 29948K [0x0000000704a00000, 0x0000000800000000)
  region size 2048K, 3 young (6144K), 3 survivors (6144K)
 Metaspace       used 67995K, committed 68480K, reserved 1114112K
  class space    used 7163K, committed 7360K, reserved 1048576K
}
Event: 7.361 GC heap before
{Heap before GC invocations=12 (full 0):
 garbage-first heap   total reserved 4118528K, committed 77824K, used 62716K [0x0000000704a00000, 0x0000000800000000)
  region size 2048K, 19 young (38912K), 3 survivors (6144K)
 Metaspace       used 72324K, committed 72896K, reserved 1114112K
  class space    used 7625K, committed 7872K, reserved 1048576K
}
Event: 7.365 GC heap after
{Heap after GC invocations=13 (full 0):
 garbage-first heap   total reserved 4118528K, committed 77824K, used 32327K [0x0000000704a00000, 0x0000000800000000)
  region size 2048K, 3 young (6144K), 3 survivors (6144K)
 Metaspace       used 72324K, committed 72896K, reserved 1114112K
  class space    used 7625K, committed 7872K, reserved 1048576K
}
Event: 18.371 GC heap before
{Heap before GC invocations=13 (full 0):
 garbage-first heap   total reserved 4118528K, committed 77824K, used 60999K [0x0000000704a00000, 0x0000000800000000)
  region size 2048K, 18 young (36864K), 3 survivors (6144K)
 Metaspace       used 77283K, committed 77888K, reserved 1179648K
  class space    used 8247K, committed 8512K, reserved 1048576K
}
Event: 18.377 GC heap after
{Heap after GC invocations=14 (full 0):
 garbage-first heap   total reserved 4118528K, committed 77824K, used 34679K [0x0000000704a00000, 0x0000000800000000)
  region size 2048K, 3 young (6144K), 3 survivors (6144K)
 Metaspace       used 77283K, committed 77888K, reserved 1179648K
  class space    used 8247K, committed 8512K, reserved 1048576K
}
Event: 18.674 GC heap before
{Heap before GC invocations=14 (full 0):
 garbage-first heap   total reserved 4118528K, committed 77824K, used 61303K [0x0000000704a00000, 0x0000000800000000)
  region size 2048K, 17 young (34816K), 3 survivors (6144K)
 Metaspace       used 83348K, committed 83968K, reserved 1179648K
  class space    used 9319K, committed 9600K, reserved 1048576K
}
Event: 18.678 GC heap after
{Heap after GC invocations=15 (full 0):
 garbage-first heap   total reserved 4118528K, committed 77824K, used 36993K [0x0000000704a00000, 0x0000000800000000)
  region size 2048K, 3 young (6144K), 3 survivors (6144K)
 Metaspace       used 83348K, committed 83968K, reserved 1179648K
  class space    used 9319K, committed 9600K, reserved 1048576K
}
Event: 75.436 GC heap before
{Heap before GC invocations=16 (full 0):
 garbage-first heap   total reserved 4118528K, committed 77824K, used 61569K [0x0000000704a00000, 0x0000000800000000)
  region size 2048K, 16 young (32768K), 3 survivors (6144K)
 Metaspace       used 86199K, committed 86848K, reserved 1179648K
  class space    used 9498K, committed 9792K, reserved 1048576K
}
Event: 75.439 GC heap after
{Heap after GC invocations=17 (full 0):
 garbage-first heap   total reserved 4118528K, committed 77824K, used 37640K [0x0000000704a00000, 0x0000000800000000)
  region size 2048K, 2 young (4096K), 2 survivors (4096K)
 Metaspace       used 86199K, committed 86848K, reserved 1179648K
  class space    used 9498K, committed 9792K, reserved 1048576K
}
Event: 144.233 GC heap before
{Heap before GC invocations=17 (full 0):
 garbage-first heap   total reserved 4118528K, committed 77824K, used 66312K [0x0000000704a00000, 0x0000000800000000)
  region size 2048K, 16 young (32768K), 2 survivors (4096K)
 Metaspace       used 87005K, committed 87744K, reserved 1179648K
  class space    used 9548K, committed 9856K, reserved 1048576K
}
Event: 144.236 GC heap after
{Heap after GC invocations=18 (full 0):
 garbage-first heap   total reserved 4118528K, committed 77824K, used 36964K [0x0000000704a00000, 0x0000000800000000)
  region size 2048K, 1 young (2048K), 1 survivors (2048K)
 Metaspace       used 87005K, committed 87744K, reserved 1179648K
  class space    used 9548K, committed 9856K, reserved 1048576K
}
Event: 442.283 GC heap before
{Heap before GC invocations=18 (full 0):
 garbage-first heap   total reserved 4118528K, committed 77824K, used 67684K [0x0000000704a00000, 0x0000000800000000)
  region size 2048K, 16 young (32768K), 1 survivors (2048K)
 Metaspace       used 88122K, committed 88832K, reserved 1179648K
  class space    used 9549K, committed 9856K, reserved 1048576K
}
Event: 442.286 GC heap after
{Heap after GC invocations=19 (full 0):
 garbage-first heap   total reserved 4118528K, committed 77824K, used 36832K [0x0000000704a00000, 0x0000000800000000)
  region size 2048K, 1 young (2048K), 1 survivors (2048K)
 Metaspace       used 88122K, committed 88832K, reserved 1179648K
  class space    used 9549K, committed 9856K, reserved 1048576K
}
Event: 448.098 GC heap before
{Heap before GC invocations=20 (full 0):
 garbage-first heap   total reserved 4118528K, committed 77824K, used 67552K [0x0000000704a00000, 0x0000000800000000)
  region size 2048K, 16 young (32768K), 1 survivors (2048K)
 Metaspace       used 88518K, committed 89216K, reserved 1179648K
  class space    used 9546K, committed 9856K, reserved 1048576K
}
Event: 448.101 GC heap after
{Heap after GC invocations=21 (full 0):
 garbage-first heap   total reserved 4118528K, committed 77824K, used 36940K [0x0000000704a00000, 0x0000000800000000)
  region size 2048K, 1 young (2048K), 1 survivors (2048K)
 Metaspace       used 88518K, committed 89216K, reserved 1179648K
  class space    used 9546K, committed 9856K, reserved 1048576K
}

